Starting org.bukkit.craftbukkit.Main
*** Warning, you've not updated in a while! ***
*** Please download a new build as per instructions from https://papermc.io/downloads/paper ***
System Info: Java 17 (OpenJDK 64-Bit Server VM 17.0.17+0) Host: Mac OS X 15.5 (aarch64)
Loading libraries, please wait...
2025-12-10 14:00:36,601 ServerMain WARN Advanced terminal features are not available in this environment
[14:00:36 WARN]: [oshi.util.platform.mac.SysctlUtil] Failed sysctl call: hw.cpufrequency, Error code: 2
[14:00:38 INFO]: Environment: authHost='https://authserver.mojang.com', accountsHost='https://api.mojang.com', sessionHost='https://sessionserver.mojang.com', servicesHost='https://api.minecraftservices.com', name='PROD'
[14:00:38 INFO]: Loaded 7 recipes
[14:00:39 INFO]: Starting minecraft server version 1.20.1
[14:00:39 INFO]: Loading properties
[14:00:39 INFO]: This server is running Paper version git-Paper-150 (MC: 1.20.1) (Implementing API version 1.20.1-R0.1-SNAPSHOT) (Git: fed9042)
[14:00:39 INFO]: Server Ping Player Sample Count: 12
[14:00:39 INFO]: Using 4 threads for Netty based IO
[14:00:39 WARN]: [!] The timings profiler has been enabled but has been scheduled for removal from Paper in the future.
    We recommend installing the spark profiler as a replacement: https://spark.lucko.me/
    For more information please visit: https://github.com/PaperMC/Paper/issues/8948
[14:00:39 INFO]: [ChunkTaskScheduler] Chunk system is using 1 I/O threads, 3 worker threads, and gen parallelism of 3 threads
[15:18:23 ERROR]: [TerminalConsole] Failed to read console input
java.io.IOException: Input/output error
	at java.io.FileInputStream.readBytes(Native Method) ~[?:?]
	at java.io.FileInputStream.read(FileInputStream.java:276) ~[?:?]
	at java.io.BufferedInputStream.read1(BufferedInputStream.java:282) ~[?:?]
	at java.io.BufferedInputStream.read(BufferedInputStream.java:343) ~[?:?]
	at sun.nio.cs.StreamDecoder.readBytes(StreamDecoder.java:287) ~[?:?]
	at sun.nio.cs.StreamDecoder.implRead(StreamDecoder.java:330) ~[?:?]
	at sun.nio.cs.StreamDecoder.read(StreamDecoder.java:190) ~[?:?]
	at java.io.InputStreamReader.read(InputStreamReader.java:177) ~[?:?]
	at java.io.BufferedReader.fill(BufferedReader.java:162) ~[?:?]
	at java.io.BufferedReader.readLine(BufferedReader.java:329) ~[?:?]
	at java.io.BufferedReader.readLine(BufferedReader.java:396) ~[?:?]
	at net.minecrell.terminalconsole.SimpleTerminalConsole.readCommands(SimpleTerminalConsole.java:180) ~[terminalconsoleappender-1.3.0.jar:?]
	at net.minecrell.terminalconsole.SimpleTerminalConsole.start(SimpleTerminalConsole.java:143) ~[terminalconsoleappender-1.3.0.jar:?]
	at net.minecraft.server.dedicated.DedicatedServer$1.run(DedicatedServer.java:102) ~[paper-1.20.1.jar:git-Paper-150]
[15:18:23 INFO]: Default game type: SURVIVAL
[15:18:23 INFO]: Generating keypair
[15:18:23 INFO]: Starting Minecraft server on *:25565
[15:18:23 INFO]: Using default channel type
[15:18:24 INFO]: Paper: Using libdeflate (macOS ARM64 / Apple Silicon) compression from Velocity.
[15:18:24 INFO]: Paper: Using native (macOS ARM64 / Apple Silicon) cipher from Velocity.
[15:18:24 INFO]: [DriftSystem] Loading server plugin DriftSystem v2.0
[15:18:24 INFO]: Server permissions file permissions.yml is empty, ignoring it
[15:18:24 WARN]: **** SERVER IS RUNNING IN OFFLINE/INSECURE MODE!
[15:18:24 WARN]: The server will make no attempt to authenticate usernames. Beware.
[15:18:24 WARN]: While this makes the game possible to play without internet access, it also opens up the ability for hackers to connect with any username they choose.
[15:18:24 WARN]: To change this, set "online-mode" to "true" in the server.properties file.
[15:18:24 INFO]: Preparing level "world"
[15:18:24 INFO]: Preparing start region for dimension minecraft:overworld
[15:18:24 INFO]: Time elapsed: 104 ms
[15:18:24 INFO]: Preparing start region for dimension minecraft:the_nether
[15:18:24 INFO]: Time elapsed: 8 ms
[15:18:24 INFO]: Preparing start region for dimension minecraft:the_end
[15:18:24 INFO]: Time elapsed: 9 ms
[15:18:24 INFO]: [DriftSystem] Enabling DriftSystem v2.0
[15:18:24 INFO]: [DriftSystem] [DriftPlugin] 后端地址: http://127.0.0.1:8000
[15:18:24 INFO]: [DriftSystem] ======================================
[15:18:24 INFO]: [DriftSystem]    DriftSystem / 心悦宇宙
[15:18:24 INFO]: [DriftSystem]    完全自然语言驱动的AI冒险系统
[15:18:24 INFO]: [DriftSystem] ======================================
[15:18:24 INFO]: [DriftSystem] ✓ 后端连接: http://127.0.0.1:8000
[15:18:24 INFO]: [DriftSystem] ✓ 自然语言解析: 已启用
[15:18:24 INFO]: [DriftSystem] ✓ 世界动态渲染: 已启用
[15:18:24 INFO]: [DriftSystem] ✓ 剧情引擎: 已就绪
[15:18:24 INFO]: [DriftSystem] ✓ DSL注入: 支持
[15:18:24 INFO]: [DriftSystem] ✓ 新手教学: 已启用
[15:18:24 INFO]: [DriftSystem] ======================================
[15:18:24 INFO]: [DriftSystem] 玩家可以直接在聊天中说话来推进剧情！
[15:18:24 INFO]: [DriftSystem] 新玩家将自动进入教学系统！
[15:18:24 INFO]: [DriftSystem] ======================================
[15:18:24 INFO]: Running delayed init tasks
[15:18:24 INFO]: Done (4665.565s)! For help, type "help"
[15:18:24 INFO]: Timings Reset
[20:06:57 INFO]: Stopping server
[20:06:57 INFO]: [DriftSystem] Disabling DriftSystem v2.0
[20:06:57 INFO]: [DriftSystem] ======================================
[20:06:57 INFO]: [DriftSystem]    DriftSystem 已关闭
[20:06:57 INFO]: [DriftSystem] ======================================
[20:06:57 INFO]: Saving players
[20:06:57 INFO]: Saving worlds
[20:06:57 INFO]: Saving chunks for level 'ServerLevel[world]'/minecraft:overworld
[20:06:57 INFO]: [ChunkHolderManager] Waiting 60s for chunk system to halt for world 'world'
[20:06:57 INFO]: [ChunkHolderManager] Halted chunk system for world 'world'
[20:06:57 INFO]: [ChunkHolderManager] Saving all chunkholders for world 'world'
[20:06:57 INFO]: [ChunkHolderManager] Saved 0 block chunks, 88 entity chunks, 0 poi chunks in world 'world' in 0.01s
[20:06:57 INFO]: ThreadedAnvilChunkStorage (world): All chunks are saved
[20:06:57 INFO]: Saving chunks for level 'ServerLevel[world_nether]'/minecraft:the_nether
[20:06:57 INFO]: [ChunkHolderManager] Waiting 60s for chunk system to halt for world 'world_nether'
[20:06:57 INFO]: [ChunkHolderManager] Halted chunk system for world 'world_nether'
[20:06:57 INFO]: [ChunkHolderManager] Saving all chunkholders for world 'world_nether'
[20:06:57 INFO]: [ChunkHolderManager] Saved 0 block chunks, 24 entity chunks, 0 poi chunks in world 'world_nether' in 0.00s
[20:06:57 INFO]: ThreadedAnvilChunkStorage (DIM-1): All chunks are saved
[20:06:57 INFO]: Saving chunks for level 'ServerLevel[world_the_end]'/minecraft:the_end
[20:06:57 INFO]: [ChunkHolderManager] Waiting 60s for chunk system to halt for world 'world_the_end'
[20:06:57 INFO]: [ChunkHolderManager] Halted chunk system for world 'world_the_end'
[20:06:57 INFO]: [ChunkHolderManager] Saving all chunkholders for world 'world_the_end'
[20:06:57 INFO]: [ChunkHolderManager] Saved 10 block chunks, 10 entity chunks, 0 poi chunks in world 'world_the_end' in 0.00s
[20:06:57 INFO]: ThreadedAnvilChunkStorage (DIM1): All chunks are saved
[20:06:57 INFO]: ThreadedAnvilChunkStorage: All dimensions are saved
[20:06:57 INFO]: Flushing Chunk IO
[20:06:57 INFO]: Closing Thread Pool
2025-12-10 20:06:57,711 Log4j2-AsyncAppenderEventDispatcher-1-Async WARN Advanced terminal features are not available in this environment
[20:06:57 INFO]: Closing Server
